[debug] [2025-08-10T06:16:44.254Z] ----------------------------------------------------------------------
[debug] [2025-08-10T06:16:44.257Z] Command:       C:\Program Files\nodejs\node.exe C:\Users\Admin\AppData\Roaming\npm\node_modules\firebase-tools\lib\bin\firebase.js deploy
[debug] [2025-08-10T06:16:44.257Z] CLI Version:   14.11.2
[debug] [2025-08-10T06:16:44.257Z] Platform:      win32
[debug] [2025-08-10T06:16:44.258Z] Node Version:  v22.17.1
[debug] [2025-08-10T06:16:44.258Z] Time:          Sun Aug 10 2025 14:16:44 GMT+0800 (Singapore Standard Time)
[debug] [2025-08-10T06:16:44.258Z] ----------------------------------------------------------------------
[debug] 
[debug] [2025-08-10T06:16:44.408Z] > command requires scopes: ["email","openid","https://www.googleapis.com/auth/cloudplatformprojects.readonly","https://www.googleapis.com/auth/firebase","https://www.googleapis.com/auth/cloud-platform"]
[debug] [2025-08-10T06:16:44.408Z] > authorizing via signed-in user (minghanchua811@gmail.com)
[debug] [2025-08-10T06:16:44.408Z] [iam] checking project bottlenex-web for permissions ["firebase.projects.get","firebasehosting.sites.update"]
[debug] [2025-08-10T06:16:44.409Z] Checked if tokens are valid: true, expires at: 1754809385945
[debug] [2025-08-10T06:16:44.409Z] Checked if tokens are valid: true, expires at: 1754809385945
[debug] [2025-08-10T06:16:44.410Z] >>> [apiv2][query] POST https://cloudresourcemanager.googleapis.com/v1/projects/bottlenex-web:testIamPermissions [none]
[debug] [2025-08-10T06:16:44.410Z] >>> [apiv2][(partial)header] POST https://cloudresourcemanager.googleapis.com/v1/projects/bottlenex-web:testIamPermissions x-goog-quota-user=projects/bottlenex-web
[debug] [2025-08-10T06:16:44.410Z] >>> [apiv2][body] POST https://cloudresourcemanager.googleapis.com/v1/projects/bottlenex-web:testIamPermissions {"permissions":["firebase.projects.get","firebasehosting.sites.update"]}
[debug] [2025-08-10T06:16:45.597Z] <<< [apiv2][status] POST https://cloudresourcemanager.googleapis.com/v1/projects/bottlenex-web:testIamPermissions 200
[debug] [2025-08-10T06:16:45.597Z] <<< [apiv2][body] POST https://cloudresourcemanager.googleapis.com/v1/projects/bottlenex-web:testIamPermissions {}
[debug] [2025-08-10T06:16:45.598Z] [iam] error while checking permissions, command may fail: Authorization failed. This account is missing the following required permissions on project bottlenex-web:

  firebase.projects.get
  firebasehosting.sites.update
[debug] [2025-08-10T06:16:45.598Z] Checked if tokens are valid: true, expires at: 1754809385945
[debug] [2025-08-10T06:16:45.598Z] Checked if tokens are valid: true, expires at: 1754809385945
[debug] [2025-08-10T06:16:45.598Z] >>> [apiv2][query] GET https://firebase.googleapis.com/v1beta1/projects/bottlenex-web [none]
[debug] [2025-08-10T06:16:45.893Z] <<< [apiv2][status] GET https://firebase.googleapis.com/v1beta1/projects/bottlenex-web 403
[debug] [2025-08-10T06:16:45.893Z] <<< [apiv2][body] GET https://firebase.googleapis.com/v1beta1/projects/bottlenex-web {"error":{"code":403,"message":"The caller does not have permission","status":"PERMISSION_DENIED"}}
[debug] [2025-08-10T06:16:45.893Z] Request to https://firebase.googleapis.com/v1beta1/projects/bottlenex-web had HTTP Error: 403, The caller does not have permission
[debug] [2025-08-10T06:16:45.921Z] FirebaseError: Request to https://firebase.googleapis.com/v1beta1/projects/bottlenex-web had HTTP Error: 403, The caller does not have permission
    at responseToError (C:\Users\Admin\AppData\Roaming\npm\node_modules\firebase-tools\lib\responseToError.js:52:12)
    at RetryOperation._fn (C:\Users\Admin\AppData\Roaming\npm\node_modules\firebase-tools\lib\apiv2.js:312:77)
    at process.processTicksAndRejections (node:internal/process/task_queues:105:5)
[error] 
[error] Error: Failed to get Firebase project bottlenex-web. Please make sure the project exists and your account has permission to access it.
